<?xml version="1.0" encoding="UTF-8"?>
<!-- Generated by org.testng.reporters.JUnitXMLReporter -->
<testsuite ignored="0" hostname="QT-INBG-LT1768" failures="0" tests="5" name="Test" time="33.543" errors="0" timestamp="2022-09-27T09:31:33 IST">
  <testcase classname="pom.Home_pom" name="setup" time="9.072"/>
  <testcase classname="pom.signin_pom" name="Signin" time="6.703"/>
  <testcase classname="pom.signin_pom" name="Signin" time="6.273"/>
  <testcase classname="pom.Sign_up" name="registerButton" time="5.725"/>
  <testcase classname="pom.Sign_up" name="registerButton" time="5.726"/>
</testsuite> <!-- Test -->
